<?xml version="1.0" encoding="UTF-8"?>
<!-- Generated by org.testng.reporters.JUnitXMLReporter -->
<testsuite hostname="rome" ignored="4" name="Test" tests="2" failures="0" timestamp="2022-01-21T12:56:48 IST" time="64.321" errors="0">
  <testcase name="createContactsTest" time="14.972" classname="com.crm.ContactsTestScript.ContactsTest"/>
  <testcase name="createOrgTest" time="19.173" classname="com.crm.OrgTestScript.OrgTest"/>
  <testcase name="@BeforeSuite configBS" time="0.0" classname="com.crm.GenericLib.Baseclass">
    <ignored/>
  </testcase> <!-- @BeforeSuite configBS -->
  <testcase name="createContactWithOrgTest" time="0.0" classname="com.crm.ContactsTestScript.ContactsTest">
    <ignored/>
  </testcase> <!-- createContactWithOrgTest -->
  <testcase name="@AfterSuite configAS" time="0.0" classname="com.crm.GenericLib.Baseclass">
    <ignored/>
  </testcase> <!-- @AfterSuite configAS -->
  <testcase name="createOrgWithIndustryTest" time="0.0" classname="com.crm.OrgTestScript.OrgTest">
    <ignored/>
  </testcase> <!-- createOrgWithIndustryTest -->
</testsuite> <!-- Test -->
