<?xml version="1.0" encoding="UTF-8"?>
<!-- Generated by org.testng.reporters.JUnitXMLReporter -->
<testsuite hostname="rome" ignored="2" name="Test" tests="4" failures="0" timestamp="2022-01-25T14:43:00 IST" time="143.427" errors="0">
  <testcase name="createContactWithOrgTest" time="51.445" classname="com.crm.ContactsTestScript.ContactsTest"/>
  <testcase name="createContactsTest" time="13.401" classname="com.crm.ContactsTestScript.ContactsTest"/>
  <testcase name="createOrgTest" time="12.635" classname="com.crm.OrgTestScript.OrgTest"/>
  <testcase name="createOrgWithIndustryTest" time="12.091" classname="com.crm.OrgTestScript.OrgTest"/>
  <testcase name="@AfterSuite configAS" time="0.0" classname="com.crm.GenericLibrary.Baseclass">
    <ignored/>
  </testcase> <!-- @AfterSuite configAS -->
  <testcase name="@BeforeSuite configBS" time="0.0" classname="com.crm.GenericLibrary.Baseclass">
    <ignored/>
  </testcase> <!-- @BeforeSuite configBS -->
</testsuite> <!-- Test -->
