<?xml version="1.0" encoding="UTF-8"?>
<!-- Generated by org.testng.reporters.JUnitXMLReporter -->
<testsuite hostname="rome" ignored="2" name="Test" tests="4" failures="0" timestamp="2022-02-01T11:26:22 IST" time="107.631" errors="0">
  <testcase name="createContactWithOrgTest" time="34.081" classname="com.crm.ContactsTestScript.ContactsTest"/>
  <testcase name="createContactsTest" time="8.383" classname="com.crm.ContactsTestScript.ContactsTest"/>
  <testcase name="createOrgTest" time="9.115" classname="com.crm.OrgTest.OrgTest"/>
  <testcase name="createOrgWithIndustryTest" time="9.314" classname="com.crm.OrgTest.OrgTest"/>
  <testcase name="@AfterSuite configAS" time="0.0" classname="com.crm.GenericLibrary.Baseclass">
    <ignored/>
  </testcase> <!-- @AfterSuite configAS -->
  <testcase name="@BeforeSuite configBS" time="0.0" classname="com.crm.GenericLibrary.Baseclass">
    <ignored/>
  </testcase> <!-- @BeforeSuite configBS -->
</testsuite> <!-- Test -->
