<?xml version="1.0" encoding="UTF-8"?>
<!-- Generated by org.testng.reporters.JUnitXMLReporter -->
<testsuite hostname="rome" ignored="4" name="Test" tests="2" failures="0" timestamp="2022-03-19T14:09:00 IST" time="66.781" errors="0">
  <testcase name="createContactsTest" time="18.481" classname="com.crm.ContactsTestScript.ContactsTest"/>
  <testcase name="createOrgTest" time="19.51" classname="com.crm.OrgTest.OrgTest"/>
  <testcase name="createOrgWithIndustryTest" time="0.0" classname="com.crm.OrgTest.OrgTest">
    <ignored/>
  </testcase> <!-- createOrgWithIndustryTest -->
  <testcase name="@AfterSuite configAS" time="0.0" classname="com.crm.GenericLibrary.Baseclass">
    <ignored/>
  </testcase> <!-- @AfterSuite configAS -->
  <testcase name="createContactWithOrgTest" time="0.0" classname="com.crm.ContactsTestScript.ContactsTest">
    <ignored/>
  </testcase> <!-- createContactWithOrgTest -->
  <testcase name="@BeforeSuite configBS" time="0.0" classname="com.crm.GenericLibrary.Baseclass">
    <ignored/>
  </testcase> <!-- @BeforeSuite configBS -->
</testsuite> <!-- Test -->
