<?xml version="1.0" encoding="UTF-8"?>
<!-- Generated by org.testng.reporters.JUnitXMLReporter -->
<testsuite hostname="rome" ignored="2" name="TestRunner-2" tests="4" failures="0" timestamp="2022-01-22T11:09:39 IST" time="157.354" errors="0">
  <testcase name="createContactWithOrgTest" time="41.178" classname="com.crm.ContactsTestScript.ContactsTest"/>
  <testcase name="createContactsTest" time="20.267" classname="com.crm.ContactsTestScript.ContactsTest"/>
  <testcase name="createOrgTest" time="13.91" classname="com.crm.OrgTestScript.OrgTest"/>
  <testcase name="createOrgWithIndustryTest" time="14.774" classname="com.crm.OrgTestScript.OrgTest"/>
  <testcase name="@BeforeSuite configBS" time="0.0" classname="com.crm.GenericLib.Baseclass">
    <ignored/>
  </testcase> <!-- @BeforeSuite configBS -->
  <testcase name="@AfterSuite configAS" time="0.0" classname="com.crm.GenericLib.Baseclass">
    <ignored/>
  </testcase> <!-- @AfterSuite configAS -->
</testsuite> <!-- TestRunner-2 -->
