<?xml version="1.0" encoding="UTF-8"?>
<!-- Generated by org.testng.reporters.JUnitXMLReporter -->
<testsuite hostname="rome" ignored="2" name="TestRunner-1" tests="4" failures="0" timestamp="2022-01-22T11:09:48 IST" time="166.241" errors="0">
  <testcase name="createContactWithOrgTest" time="43.777" classname="com.crm.ContactsTestScript.ContactsTest"/>
  <testcase name="createContactsTest" time="20.739" classname="com.crm.ContactsTestScript.ContactsTest"/>
  <testcase name="createOrgTest" time="13.087" classname="com.crm.OrgTestScript.OrgTest"/>
  <testcase name="createOrgWithIndustryTest" time="15.875" classname="com.crm.OrgTestScript.OrgTest"/>
  <testcase name="@BeforeSuite configBS" time="0.0" classname="com.crm.GenericLib.Baseclass">
    <ignored/>
  </testcase> <!-- @BeforeSuite configBS -->
  <testcase name="@AfterSuite configAS" time="0.0" classname="com.crm.GenericLib.Baseclass">
    <ignored/>
  </testcase> <!-- @AfterSuite configAS -->
</testsuite> <!-- TestRunner-1 -->
