<?xml version="1.0" encoding="UTF-8"?>
<!-- Generated by org.testng.reporters.JUnitXMLReporter -->
<testsuite hostname="rome" ignored="0" name="Test" tests="1" failures="1" timestamp="2022-02-02T10:17:21 IST" time="4.642" errors="0">
  <testcase name="createOrg" time="1.418" classname="practise.CreateOrgWithIndustry">
    <failure type="org.testng.internal.reflect.MethodMatcherException" message="
[public void practise.CreateOrgWithIndustry.createOrg()] has no parameters defined but was found to be using a data provider (either explicitly specified or inherited from class level annotation).
Data provider mismatch
Method: createOrg([])
Arguments: [(java.lang.String) hdfc_01,(java.lang.String) Education]">
      <![CDATA[org.testng.internal.reflect.MethodMatcherException: 
[public void practise.CreateOrgWithIndustry.createOrg()] has no parameters defined but was found to be using a data provider (either explicitly specified or inherited from class level annotation).
Data provider mismatch
Method: createOrg([])
Arguments: [(java.lang.String) hdfc_01,(java.lang.String) Education]
at java.util.ArrayList.forEach(ArrayList.java:1257)
... Removed 22 stack frames]]>
    </failure>
  </testcase> <!-- createOrg -->
</testsuite> <!-- Test -->
