<?xml version="1.0" encoding="UTF-8"?>
<testng-results skipped="0" failed="0" ignored="4" total="6" passed="2">
  <reporter-output>
  </reporter-output>
  <suite name="Suite" duration-ms="66781" started-at="2022-03-19T14:07:54 IST" finished-at="2022-03-19T14:09:00 IST">
    <groups>
      <group name="smokeTest">
        <method signature="ContactsTest.createContactsTest()[pri:0, instance:com.crm.ContactsTestScript.ContactsTest@192d3247]" name="createContactsTest" class="com.crm.ContactsTestScript.ContactsTest"/>
        <method signature="OrgTest.createOrgTest()[pri:0, instance:com.crm.OrgTest.OrgTest@7a30d1e6]" name="createOrgTest" class="com.crm.OrgTest.OrgTest"/>
      </group> <!-- smokeTest -->
    </groups>
    <test name="Test" duration-ms="66781" started-at="2022-03-19T14:07:54 IST" finished-at="2022-03-19T14:09:00 IST">
      <class name="com.crm.ContactsTestScript.ContactsTest">
        <test-method status="PASS" signature="configBS()[pri:0, instance:com.crm.ContactsTestScript.ContactsTest@192d3247]" name="configBS" is-config="true" duration-ms="10" started-at="2022-03-19T14:07:54 IST" finished-at="2022-03-19T14:07:54 IST">
          <reporter-output>
          </reporter-output>
        </test-method> <!-- configBS -->
        <test-method status="PASS" signature="configBC()[pri:0, instance:com.crm.ContactsTestScript.ContactsTest@192d3247]" name="configBC" is-config="true" duration-ms="3455" started-at="2022-03-19T14:07:54 IST" finished-at="2022-03-19T14:07:57 IST">
          <reporter-output>
          </reporter-output>
        </test-method> <!-- configBC -->
        <test-method status="PASS" signature="configBM()[pri:0, instance:com.crm.ContactsTestScript.ContactsTest@192d3247]" name="configBM" is-config="true" duration-ms="7282" started-at="2022-03-19T14:07:57 IST" finished-at="2022-03-19T14:08:04 IST">
          <reporter-output>
          </reporter-output>
        </test-method> <!-- configBM -->
        <test-method status="PASS" signature="createContactsTest()[pri:0, instance:com.crm.ContactsTestScript.ContactsTest@192d3247]" name="createContactsTest" duration-ms="18481" started-at="2022-03-19T14:08:04 IST" finished-at="2022-03-19T14:08:23 IST">
          <reporter-output>
          </reporter-output>
        </test-method> <!-- createContactsTest -->
        <test-method status="PASS" signature="configAM()[pri:0, instance:com.crm.ContactsTestScript.ContactsTest@192d3247]" name="configAM" is-config="true" duration-ms="1773" started-at="2022-03-19T14:08:23 IST" finished-at="2022-03-19T14:08:25 IST">
          <reporter-output>
          </reporter-output>
        </test-method> <!-- configAM -->
        <test-method status="PASS" signature="configAC()[pri:0, instance:com.crm.ContactsTestScript.ContactsTest@192d3247]" name="configAC" is-config="true" duration-ms="1280" started-at="2022-03-19T14:08:25 IST" finished-at="2022-03-19T14:08:26 IST">
          <reporter-output>
          </reporter-output>
        </test-method> <!-- configAC -->
        <test-method status="PASS" signature="configAS()[pri:0, instance:com.crm.ContactsTestScript.ContactsTest@192d3247]" name="configAS" is-config="true" duration-ms="0" started-at="2022-03-19T14:09:00 IST" finished-at="2022-03-19T14:09:00 IST">
          <reporter-output>
          </reporter-output>
        </test-method> <!-- configAS -->
      </class> <!-- com.crm.ContactsTestScript.ContactsTest -->
      <class name="com.crm.OrgTest.OrgTest">
        <test-method status="PASS" signature="configBC()[pri:0, instance:com.crm.OrgTest.OrgTest@7a30d1e6]" name="configBC" is-config="true" duration-ms="4022" started-at="2022-03-19T14:08:26 IST" finished-at="2022-03-19T14:08:30 IST">
          <reporter-output>
          </reporter-output>
        </test-method> <!-- configBC -->
        <test-method status="PASS" signature="configBM()[pri:0, instance:com.crm.OrgTest.OrgTest@7a30d1e6]" name="configBM" is-config="true" duration-ms="7647" started-at="2022-03-19T14:08:30 IST" finished-at="2022-03-19T14:08:38 IST">
          <reporter-output>
          </reporter-output>
        </test-method> <!-- configBM -->
        <test-method status="PASS" signature="createOrgTest()[pri:0, instance:com.crm.OrgTest.OrgTest@7a30d1e6]" name="createOrgTest" duration-ms="19510" started-at="2022-03-19T14:08:38 IST" finished-at="2022-03-19T14:08:57 IST">
          <reporter-output>
          </reporter-output>
        </test-method> <!-- createOrgTest -->
        <test-method status="PASS" signature="configAM()[pri:0, instance:com.crm.OrgTest.OrgTest@7a30d1e6]" name="configAM" is-config="true" duration-ms="2106" started-at="2022-03-19T14:08:57 IST" finished-at="2022-03-19T14:08:59 IST">
          <reporter-output>
          </reporter-output>
        </test-method> <!-- configAM -->
        <test-method status="PASS" signature="configAC()[pri:0, instance:com.crm.OrgTest.OrgTest@7a30d1e6]" name="configAC" is-config="true" duration-ms="963" started-at="2022-03-19T14:08:59 IST" finished-at="2022-03-19T14:09:00 IST">
          <reporter-output>
          </reporter-output>
        </test-method> <!-- configAC -->
      </class> <!-- com.crm.OrgTest.OrgTest -->
    </test> <!-- Test -->
  </suite> <!-- Suite -->
</testng-results>
